
Clover 安装器 r5119 (0f5da727e) (installer library v1.1.5), 2020-06-22 11:37:09
macOS 版本10.15.5（版号19F101）
SELF = /Applications/Clover.app/Contents/MacOS/CloverDaemonNew
Backup made at:
/Users/chenyang/Desktop/CloverBackUp/Asgard AN2 500NVMe-M.2/80 Media/r5107_2020-06-22_23-37-05/EFI.
Target volume: /Volumes/Untitled
BSD Name:      disk0s3
Filesystem:    FAT16
Is internal:   true
Is writable:   true
Installation type: UEFI

/dev/disk0 (internal, physical):
   #:                       TYPE NAME                    SIZE       IDENTIFIER
   0:      GUID_partition_scheme                        *500.1 GB   disk0
   1:           Windows Recovery                         554.7 MB   disk0s1
   2:         Microsoft Reserved                         16.8 MB    disk0s2
   3:                        EFI                         314.6 MB   disk0s3
   4:                 Apple_APFS Container disk2         499.1 GB   disk0s4

/dev/disk1 (internal, physical):
   #:                       TYPE NAME                    SIZE       IDENTIFIER
   0:      GUID_partition_scheme                        *500.1 GB   disk1
   1:                        EFI                         314.6 MB   disk1s1
   2:         Microsoft Reserved                         134.2 MB   disk1s2
   3:       Microsoft Basic Data Win OS                  499.7 GB   disk1s3

/dev/disk2 (synthesized):
   #:                       TYPE NAME                    SIZE       IDENTIFIER
   0:      APFS Container Scheme -                      +499.1 GB   disk2
                                 Physical Store disk0s4
   1:                APFS Volume Mac OS - 数据           175.2 GB   disk2s1
   2:                APFS Volume Preboot                 82.2 MB    disk2s2
   3:                APFS Volume Recovery                528.5 MB   disk2s3
   4:                APFS Volume VM                      1.1 MB     disk2s4
   5:                APFS Volume Mac OS                  11.2 GB    disk2s5

/dev/disk3 (internal, physical):
   #:                       TYPE NAME                    SIZE       IDENTIFIER
   0:      GUID_partition_scheme                        *1.0 TB     disk3
   1:                        EFI EFI                     209.7 MB   disk3s1
   2:                  Apple_HFS DATA                    999.9 GB   disk3s2

/dev/disk4 (internal, physical):
   #:                       TYPE NAME                    SIZE       IDENTIFIER
   0:      GUID_partition_scheme                        *4.0 TB     disk4
   1:                        EFI EFI                     209.7 MB   disk4s1
   2:       Microsoft Basic Data DataBase                4.0 TB     disk4s2




Installing/Updating Clover:
+ ../BOOT/BOOTX64.efi
+ ../CLOVER/CLOVERX64.efi

Installing/Updating drivers:
- ../UEFI/SMCHelper.efi
+ ../UEFI/AudioDxe.efi
+ ../UEFI/FSInject.efi
+ ../UEFI/ApfsDriverLoader.efi
+ ../UEFI/AptioMemoryFix.efi
+ ../BIOS/SMCHelper.efi
+ ../BIOS/XhciDxe.efi
+ ../BIOS/ApfsDriverLoader.efi

Installing/Updating tools:
+ ../tools/Shell64.efi
+ ../tools/bdmesg.efi
+ ../tools/Shell64U.efi
+ ../tools/Shell32.efi

Installing/Updating docs:
+ ../doc/UEFI boot with Clover.rtf
+ ../doc/boot1f32-install.sh
+ ../doc/HowToInstallOSX.txt
+ ../doc/HowToFixDsdt.txt
+ ../doc/bcfg.txt